mode: set
testcode/features/activitys/business/avtcase.go:14.69,18.2 1 1
testcode/features/activitys/business/avtcase.go:20.81,23.2 2 1
testcode/features/activitys/business/avtcase.go:25.91,28.2 2 1
testcode/features/activitys/business/avtcase.go:30.109,33.21 3 1
testcode/features/activitys/business/avtcase.go:36.2,37.21 2 1
testcode/features/activitys/business/avtcase.go:40.2,41.20 2 1
testcode/features/activitys/business/avtcase.go:44.2,45.23 2 1
testcode/features/activitys/business/avtcase.go:33.21,35.3 1 1
testcode/features/activitys/business/avtcase.go:37.21,39.3 1 1
testcode/features/activitys/business/avtcase.go:41.20,43.3 1 1
testcode/features/activitys/business/avtcase.go:48.117,51.24 3 1
testcode/features/activitys/business/avtcase.go:63.2,63.24 1 1
testcode/features/activitys/business/avtcase.go:66.2,67.23 2 1
testcode/features/activitys/business/avtcase.go:51.24,53.22 2 1
testcode/features/activitys/business/avtcase.go:56.3,57.21 2 1
testcode/features/activitys/business/avtcase.go:53.22,55.4 1 1
testcode/features/activitys/business/avtcase.go:57.21,59.4 1 1
testcode/features/activitys/business/avtcase.go:60.8,60.31 1 1
testcode/features/activitys/business/avtcase.go:60.31,62.3 1 1
testcode/features/activitys/business/avtcase.go:63.24,65.3 1 1
testcode/features/activitys/business/avtcase.go:70.73,73.2 2 1
testcode/features/activitys/presentation/handler.go:17.71,21.2 1 1
testcode/features/activitys/presentation/handler.go:23.60,25.16 2 1
testcode/features/activitys/presentation/handler.go:31.2,35.4 1 1
testcode/features/activitys/presentation/handler.go:25.16,30.3 1 1
testcode/features/activitys/presentation/handler.go:38.57,42.18 4 1
testcode/features/activitys/presentation/handler.go:48.2,49.14 2 1
testcode/features/activitys/presentation/handler.go:56.2,56.16 1 1
testcode/features/activitys/presentation/handler.go:62.2,66.4 1 1
testcode/features/activitys/presentation/handler.go:42.18,47.3 1 0
testcode/features/activitys/presentation/handler.go:49.14,55.3 1 1
testcode/features/activitys/presentation/handler.go:56.16,61.3 1 1
testcode/features/activitys/presentation/handler.go:69.60,72.20 3 0
testcode/features/activitys/presentation/handler.go:78.2,80.15 3 0
testcode/features/activitys/presentation/handler.go:86.2,86.16 1 0
testcode/features/activitys/presentation/handler.go:92.2,96.4 1 0
testcode/features/activitys/presentation/handler.go:72.20,77.3 1 0
testcode/features/activitys/presentation/handler.go:80.15,85.3 1 0
testcode/features/activitys/presentation/handler.go:86.16,91.3 1 0
testcode/features/activitys/presentation/handler.go:99.60,103.18 4 0
testcode/features/activitys/presentation/handler.go:109.2,116.20 5 0
testcode/features/activitys/presentation/handler.go:122.2,124.15 3 0
testcode/features/activitys/presentation/handler.go:130.2,130.14 1 0
testcode/features/activitys/presentation/handler.go:137.2,137.16 1 0
testcode/features/activitys/presentation/handler.go:143.2,147.4 1 0
testcode/features/activitys/presentation/handler.go:103.18,108.3 1 0
testcode/features/activitys/presentation/handler.go:116.20,121.3 1 0
testcode/features/activitys/presentation/handler.go:124.15,129.3 1 0
testcode/features/activitys/presentation/handler.go:130.14,136.3 1 0
testcode/features/activitys/presentation/handler.go:137.16,142.3 1 0
testcode/features/activitys/presentation/handler.go:150.60,154.18 4 0
testcode/features/activitys/presentation/handler.go:160.2,161.14 2 0
testcode/features/activitys/presentation/handler.go:168.2,168.16 1 0
testcode/features/activitys/presentation/handler.go:174.2,178.4 1 0
testcode/features/activitys/presentation/handler.go:154.18,159.3 1 0
testcode/features/activitys/presentation/handler.go:161.14,167.3 1 0
testcode/features/activitys/presentation/handler.go:168.16,173.3 1 0
